Base path: /Applications/Unity/Unity.app/Contents
Pipe name: \\.\pipe\UnityShaderCompiler-7--1331347456
Cmd: getPlatforms
Cmd: compileSnippet
  api=9 type=0 insize=3251 outsize=942 kw= ok=1
Cmd: compileSnippet
  api=9 type=1 insize=3267 outsize=7 kw= ok=1
Cmd: compileSnippet
  api=5 type=0 insize=3259 outsize=889 kw= ok=1
Cmd: compileSnippet
  api=9 type=1 insize=3256 outsize=7 kw= ok=1
Cmd: compileSnippet
  api=9 type=0 insize=3261 outsize=716 kw= ok=1
Cmd: compileSnippet
  api=5 type=1 insize=3254 outsize=6 kw= ok=1
Cmd: compileSnippet
  api=9 type=0 insize=3253 outsize=666 kw= ok=1
Cmd: compileSnippet
  api=5 type=1 insize=1749 outsize=6 kw= ok=1
Cmd: compileSnippet
  api=5 type=0 insize=4703 outsize=2187 kw= ok=1
Cmd: compileSnippet
  api=5 type=1 insize=4713 outsize=6 kw= ok=1
Cmd: compileSnippet
  api=9 type=0 insize=4714 outsize=1951 kw= ok=1
Cmd: compileSnippet
  api=9 type=0 insize=6851 outsize=4014 kw= ok=1
Cmd: compileSnippet
  api=9 type=1 insize=4192 outsize=7 kw= ok=1
Cmd: compileSnippet
  api=9 type=0 insize=884 outsize=988 kw= ok=1
End of pipe

Quitting shader compiler process
