Base path: /Applications/Unity/Unity.app/Contents
<<<<<<< HEAD
Pipe name: \\.\pipe\UnityShaderCompiler-3--1335074816
Cmd: getPlatforms
Cmd: compileSnippet
  api=4 type=0 insize=10605 outsize=990 kw= ok=1
Cmd: compileSnippet
  api=4 type=1 insize=10605 outsize=1672 kw= ok=1
Cmd: compileSnippet
  api=4 type=0 insize=10628 outsize=990 kw= ok=1
Cmd: compileSnippet
  api=4 type=1 insize=10628 outsize=9269 kw= ok=1
Cmd: compileSnippet
  api=1 type=1 insize=10627 outsize=3819 kw= ok=1
Cmd: compileSnippet
  api=4 type=0 insize=1008 outsize=990 kw= ok=1
Cmd: compileSnippet
  api=4 type=1 insize=1008 outsize=843 kw= ok=1
Cmd: compileSnippet
  api=1 type=0 insize=1007 outsize=132 kw= ok=1
Cmd: compileSnippet
  api=8 type=1 insize=1007 outsize=1219 kw= ok=1
Cmd: compileSnippet
  api=4 type=0 insize=1138 outsize=990 kw= ok=1
Cmd: compileSnippet
  api=1 type=1 insize=1138 outsize=664 kw= ok=1
Cmd: compileSnippet
  api=1 type=0 insize=2033 outsize=204 kw= ok=1
Cmd: compileSnippet
  api=1 type=0 insize=2298 outsize=204 kw= ok=1
Cmd: compileSnippet
  api=1 type=0 insize=2803 outsize=204 kw= ok=1
Cmd: compileSnippet
  api=1 type=0 insize=3079 outsize=169 kw= ok=1
Cmd: compileSnippet
  api=4 type=1 insize=3079 outsize=4012 kw= ok=1
Cmd: compileSnippet
  api=4 type=0 insize=2019 outsize=1347 kw= ok=1
Cmd: compileSnippet
  api=1 type=1 insize=2019 outsize=160 kw= ok=1
Cmd: compileSnippet
  api=1 type=0 insize=1171 outsize=351 kw= ok=1
Cmd: compileSnippet
  api=8 type=1 insize=1171 outsize=1983 kw= ok=1
Cmd: compileSnippet
  api=8 type=0 insize=1975 outsize=2153 kw= ok=1
Cmd: compileSnippet
  api=4 type=1 insize=1975 outsize=2867 kw= ok=1
Cmd: compileSnippet
  api=1 type=1 insize=32668 outsize=4416 kw= ok=1
Cmd: compileSnippet
  api=4 type=0 insize=3253 outsize=1339 kw= ok=1
Cmd: compileSnippet
  api=1 type=1 insize=3253 outsize=208 kw= ok=1
Cmd: compileSnippet
  api=1 type=0 insize=3251 outsize=335 kw= ok=1
Cmd: compileSnippet
  api=8 type=1 insize=3251 outsize=1325 kw= ok=1
Cmd: compileSnippet
  api=8 type=0 insize=3267 outsize=2462 kw= ok=1
Cmd: compileSnippet
  api=4 type=1 insize=3267 outsize=1428 kw= ok=1
Cmd: compileSnippet
  api=1 type=0 insize=3259 outsize=335 kw= ok=1
Cmd: compileSnippet
  api=4 type=1 insize=3259 outsize=852 kw= ok=1
Cmd: compileSnippet
  api=4 type=0 insize=3259 outsize=1339 kw= ok=1
Cmd: compileSnippet
  api=1 type=1 insize=3259 outsize=208 kw= ok=1
Cmd: compileSnippet
  api=4 type=0 insize=3256 outsize=1339 kw= ok=1
Cmd: compileSnippet
  api=1 type=1 insize=3256 outsize=120 kw= ok=1
Cmd: compileSnippet
  api=1 type=0 insize=3268 outsize=344 kw= ok=1
Cmd: compileSnippet
  api=4 type=1 insize=3268 outsize=1355 kw= ok=1
Cmd: compileSnippet
  api=8 type=0 insize=3261 outsize=2023 kw= ok=1
Cmd: compileSnippet
  api=4 type=1 insize=3261 outsize=770 kw= ok=1
Cmd: compileSnippet
  api=4 type=0 insize=3254 outsize=1339 kw= ok=1
Cmd: compileSnippet
  api=1 type=1 insize=3254 outsize=66 kw= ok=1
Cmd: compileSnippet
  api=4 type=0 insize=3258 outsize=1339 kw= ok=1
Cmd: compileSnippet
  api=1 type=1 insize=3258 outsize=79 kw= ok=1
Cmd: compileSnippet
  api=8 type=0 insize=3253 outsize=2023 kw= ok=1
Cmd: compileSnippet
  api=1 type=1 insize=3253 outsize=59 kw= ok=1
Cmd: compileSnippet
  api=8 type=0 insize=1749 outsize=2446 kw= ok=1
Cmd: compileSnippet
  api=4 type=1 insize=1749 outsize=3248 kw= ok=1
Cmd: compileSnippet
  api=8 type=0 insize=4698 outsize=1438 kw= ok=1
Cmd: compileSnippet
  api=4 type=1 insize=4698 outsize=811 kw= ok=1
Cmd: compileSnippet
  api=4 type=0 insize=4703 outsize=2135 kw= ok=1
Cmd: compileSnippet
  api=1 type=1 insize=4703 outsize=329 kw= ok=1
Cmd: compileSnippet
  api=4 type=0 insize=4713 outsize=2143 kw= ok=1
Cmd: compileSnippet
  api=1 type=1 insize=4713 outsize=588 kw= ok=1
Cmd: compileSnippet
  api=1 type=0 insize=4708 outsize=363 kw= ok=1
Cmd: compileSnippet
  api=4 type=1 insize=4708 outsize=2030 kw= ok=1
Cmd: compileSnippet
  api=4 type=0 insize=4714 outsize=1737 kw= ok=1
Cmd: compileSnippet
  api=1 type=1 insize=4714 outsize=765 kw= ok=1
Cmd: compileSnippet
  api=1 type=0 insize=32678 outsize=156 kw= ok=1
Cmd: compileSnippet
  api=1 type=0 insize=3862 outsize=450 kw= ok=1
Cmd: compileSnippet
  api=4 type=1 insize=3862 outsize=4557 kw= ok=1
Cmd: compileSnippet
  api=1 type=1 insize=6851 outsize=1855 kw= ok=1
Cmd: compileSnippet
  api=4 type=0 insize=4192 outsize=2200 kw= ok=1
Cmd: compileSnippet
  api=1 type=0 insize=4197 outsize=458 kw= ok=1
Cmd: compileSnippet
  api=4 type=1 insize=4197 outsize=3362 kw= ok=1
Cmd: compileSnippet
  api=8 type=0 insize=884 outsize=1438 kw= ok=1
Cmd: compileSnippet
  api=4 type=1 insize=884 outsize=1087 kw= ok=1
=======
Pipe name: \\.\pipe\UnityShaderCompiler-3--1332944896
Cmd: getPlatforms
Cmd: compileSnippet
  api=9 type=1 insize=10605 outsize=7 kw= ok=1
Cmd: compileSnippet
  api=5 type=0 insize=10627 outsize=8331 kw= ok=1
Cmd: compileSnippet
  api=9 type=1 insize=1008 outsize=7 kw= ok=1
Cmd: compileSnippet
  api=5 type=0 insize=1138 outsize=1166 kw= ok=1
Cmd: compileSnippet
  api=9 type=0 insize=1171 outsize=1585 kw= ok=1
Cmd: compileSnippet
  api=9 type=1 insize=1975 outsize=7 kw= ok=1
Cmd: compileSnippet
  api=9 type=1 insize=3259 outsize=7 kw= ok=1
Cmd: compileSnippet
  api=5 type=0 insize=3268 outsize=1859 kw= ok=1
Cmd: compileSnippet
  api=9 type=1 insize=3261 outsize=7 kw= ok=1
Cmd: compileSnippet
  api=9 type=0 insize=3258 outsize=730 kw= ok=1
Cmd: compileSnippet
  api=5 type=1 insize=3253 outsize=6 kw= ok=1
Cmd: compileSnippet
  api=5 type=0 insize=4698 outsize=669 kw= ok=1
Cmd: compileSnippet
  api=5 type=1 insize=4703 outsize=6 kw= ok=1
Cmd: compileSnippet
  api=9 type=0 insize=4708 outsize=2322 kw= ok=1
Cmd: compileSnippet
  api=5 type=1 insize=4714 outsize=6 kw= ok=1
Cmd: compileSnippet
  api=9 type=1 insize=3862 outsize=7 kw= ok=1
Cmd: compileSnippet
  api=9 type=0 insize=4192 outsize=4817 kw= ok=1
Cmd: compileSnippet
  api=9 type=1 insize=4197 outsize=7 kw= ok=1
>>>>>>> 028b845782dfa22b1fce8ee771dfeba1a2e4b622
End of pipe

Quitting shader compiler process
